Converting acoustic models to HTK format
    output -> viterbi/mono/final.mmf viterbi/mono/tiedlist
    log -> viterbi/mono/log/am.to.htk.log
Generating lattices for dev set with acoustic weight = [ 0.10 ]
    output dir -> viterbi/mono/lat/
    log -> viterbi/mono/log/latgen.dev.log
    execution time for generating lattices for dev set = 00 hours 36 mins 56 secs
Recoring lattice to find optimal acoustic weight
    acoustic weight = [ 0.02 ]
        result -> viterbi/mono/dev.0.02.rec
        accuracy -> [ 33.45 ] %
    acoustic weight = [ 0.04 ]
        result -> viterbi/mono/dev.0.04.rec
        accuracy -> [ 36.99 ] %
    acoustic weight = [ 0.06 ]
        result -> viterbi/mono/dev.0.06.rec
        accuracy -> [ 40.56 ] %
    acoustic weight = [ 0.08 ]
        result -> viterbi/mono/dev.0.08.rec
        accuracy -> [ 42.91 ] %
    acoustic weight = [ 0.10 ]
        result -> viterbi/mono/dev.0.10.rec
        accuracy -> [ 43.40 ] %
    acoustic weight = [ 0.12 ]
        result -> viterbi/mono/dev.0.12.rec
        accuracy -> [ 43.33 ] %
    acoustic weight = [ 0.14 ]
        result -> viterbi/mono/dev.0.14.rec
        accuracy -> [ 42.64 ] %
    acoustic weight = [ 0.16 ]
        result -> viterbi/mono/dev.0.16.rec
        accuracy -> [ 41.92 ] %
    acoustic weight = [ 0.18 ]
        result -> viterbi/mono/dev.0.18.rec
        accuracy -> [ 41.25 ] %
    acoustic weight = [ 0.20 ]
        result -> viterbi/mono/dev.0.20.rec
        accuracy -> [ 40.75 ] %
    optimal acoustic weight = [ 0.10 ]
    corresponding accuracy = [ 43.40 ] %
    execution time for rescoring lattices = 00 hours 12 mins 03 secs
Generating results for test set with acoustic weight = [ 0.10 ]
    output -> viterbi/mono/test.mlf
    log -> viterbi/mono/log/latgen.test.log
    execution time for generating results for test set = 00 hours 32 mins 33 secs
    result -> viterbi/mono/test.rec
    accuracy -> [ 46.25 ] %
Cleaning lattices of dev set generated during decoding process

Execution time for whole script = 01 hours 21 mins 33 secs

