gmm-acc-stats-ali --binary=false exp/mono/23.mdl ark,s,cs:feat/train.39.cmvn.ark ark,s,cs:exp/mono/train.ali exp/mono/23.acc 
LOG (gmm-acc-stats-ali:main():gmm-acc-stats-ali.cc:105) Processed 50 utterances; for utterance astmic-fsi000-sen0049 avg. like is -90.1142 over 328 frames.
LOG (gmm-acc-stats-ali:main():gmm-acc-stats-ali.cc:105) Processed 100 utterances; for utterance astmic-fsi000-sen0099 avg. like is -93.4792 over 298 frames.
LOG (gmm-acc-stats-ali:main():gmm-acc-stats-ali.cc:105) Processed 150 utterances; for utterance astmic-fsi000-sen0149 avg. like is -89.7682 over 238 frames.
LOG (gmm-acc-stats-ali:main():gmm-acc-stats-ali.cc:105) Processed 200 utterances; for utterance astmic-fsi000-sen0199 avg. like is -91.029 over 318 frames.
LOG (gmm-acc-stats-ali:main():gmm-acc-stats-ali.cc:105) Processed 250 utterances; for utterance astmic-fsi001-sen0049 avg. like is -93.8784 over 328 frames.
LOG (gmm-acc-stats-ali:main():gmm-acc-stats-ali.cc:105) Processed 300 utterances; for utterance astmic-fsi001-sen0099 avg. like is -91.492 over 228 frames.
LOG (gmm-acc-stats-ali:main():gmm-acc-stats-ali.cc:105) Processed 350 utterances; for utterance astmic-fsi001-sen0149 avg. like is -94.2903 over 318 frames.
LOG (gmm-acc-stats-ali:main():gmm-acc-stats-ali.cc:105) Processed 400 utterances; for utterance astmic-fsi001-sen0199 avg. like is -94.9163 over 398 frames.
LOG (gmm-acc-stats-ali:main():gmm-acc-stats-ali.cc:105) Processed 450 utterances; for utterance astmic-fsi002-sen0049 avg. like is -90.8355 over 328 frames.
LOG (gmm-acc-stats-ali:main():gmm-acc-stats-ali.cc:105) Processed 500 utterances; for utterance astmic-fsi002-sen0099 avg. like is -93.006 over 428 frames.
LOG (gmm-acc-stats-ali:main():gmm-acc-stats-ali.cc:105) Processed 550 utterances; for utterance astmic-fsi002-sen0149 avg. like is -93.0117 over 288 frames.
LOG (gmm-acc-stats-ali:main():gmm-acc-stats-ali.cc:105) Processed 600 utterances; for utterance astmic-fsi002-sen0199 avg. like is -91.3107 over 298 frames.
LOG (gmm-acc-stats-ali:main():gmm-acc-stats-ali.cc:105) Processed 650 utterances; for utterance astmic-fsi003-sen0049 avg. like is -96.035 over 328 frames.
LOG (gmm-acc-stats-ali:main():gmm-acc-stats-ali.cc:105) Processed 700 utterances; for utterance astmic-fsi003-sen0099 avg. like is -93.8342 over 208 frames.
LOG (gmm-acc-stats-ali:main():gmm-acc-stats-ali.cc:105) Processed 750 utterances; for utterance astmic-fsi003-sen0149 avg. like is -96.374 over 218 frames.
LOG (gmm-acc-stats-ali:main():gmm-acc-stats-ali.cc:105) Processed 800 utterances; for utterance astmic-fsi003-sen0199 avg. like is -96.8466 over 248 frames.
LOG (gmm-acc-stats-ali:main():gmm-acc-stats-ali.cc:105) Processed 850 utterances; for utterance astmic-fsi004-sen0049 avg. like is -91.7854 over 368 frames.
LOG (gmm-acc-stats-ali:main():gmm-acc-stats-ali.cc:105) Processed 900 utterances; for utterance astmic-fsi004-sen0099 avg. like is -93.1389 over 208 frames.
LOG (gmm-acc-stats-ali:main():gmm-acc-stats-ali.cc:105) Processed 950 utterances; for utterance astmic-fsi004-sen0149 avg. like is -93.8549 over 228 frames.
LOG (gmm-acc-stats-ali:main():gmm-acc-stats-ali.cc:105) Processed 1000 utterances; for utterance astmic-fsi004-sen0199 avg. like is -91.5282 over 268 frames.
LOG (gmm-acc-stats-ali:main():gmm-acc-stats-ali.cc:105) Processed 1050 utterances; for utterance astmic-fsi005-sen0049 avg. like is -96.25 over 388 frames.
LOG (gmm-acc-stats-ali:main():gmm-acc-stats-ali.cc:105) Processed 1100 utterances; for utterance astmic-fsi005-sen0099 avg. like is -89.8643 over 268 frames.
LOG (gmm-acc-stats-ali:main():gmm-acc-stats-ali.cc:105) Processed 1150 utterances; for utterance astmic-fsi005-sen0149 avg. like is -95.0555 over 298 frames.
LOG (gmm-acc-stats-ali:main():gmm-acc-stats-ali.cc:105) Processed 1200 utterances; for utterance astmic-fsi005-sen0199 avg. like is -91.2804 over 328 frames.
LOG (gmm-acc-stats-ali:main():gmm-acc-stats-ali.cc:105) Processed 1250 utterances; for utterance astmic-fsi006-sen0049 avg. like is -95.2309 over 298 frames.
LOG (gmm-acc-stats-ali:main():gmm-acc-stats-ali.cc:105) Processed 1300 utterances; for utterance astmic-fsi006-sen0099 avg. like is -96.371 over 168 frames.
LOG (gmm-acc-stats-ali:main():gmm-acc-stats-ali.cc:105) Processed 1350 utterances; for utterance astmic-fsi006-sen0149 avg. like is -95.6099 over 238 frames.
LOG (gmm-acc-stats-ali:main():gmm-acc-stats-ali.cc:105) Processed 1400 utterances; for utterance astmic-fsi006-sen0199 avg. like is -94.5908 over 238 frames.
LOG (gmm-acc-stats-ali:main():gmm-acc-stats-ali.cc:105) Processed 1450 utterances; for utterance astmic-fsi007-sen0049 avg. like is -98.8404 over 198 frames.
LOG (gmm-acc-stats-ali:main():gmm-acc-stats-ali.cc:105) Processed 1500 utterances; for utterance astmic-fsi007-sen0099 avg. like is -103.56 over 248 frames.
LOG (gmm-acc-stats-ali:main():gmm-acc-stats-ali.cc:105) Processed 1550 utterances; for utterance astmic-fsi007-sen0149 avg. like is -102.276 over 298 frames.
LOG (gmm-acc-stats-ali:main():gmm-acc-stats-ali.cc:105) Processed 1600 utterances; for utterance astmic-fsi007-sen0199 avg. like is -90.0623 over 198 frames.
LOG (gmm-acc-stats-ali:main():gmm-acc-stats-ali.cc:105) Processed 1650 utterances; for utterance astmic-fsi008-sen0049 avg. like is -94.4139 over 298 frames.
LOG (gmm-acc-stats-ali:main():gmm-acc-stats-ali.cc:105) Processed 1700 utterances; for utterance astmic-fsi008-sen0099 avg. like is -98.0509 over 368 frames.
LOG (gmm-acc-stats-ali:main():gmm-acc-stats-ali.cc:105) Processed 1750 utterances; for utterance astmic-fsi008-sen0149 avg. like is -97.9624 over 418 frames.
LOG (gmm-acc-stats-ali:main():gmm-acc-stats-ali.cc:105) Processed 1800 utterances; for utterance astmic-fsi008-sen0199 avg. like is -94.418 over 218 frames.
LOG (gmm-acc-stats-ali:main():gmm-acc-stats-ali.cc:105) Processed 1850 utterances; for utterance astmic-fsi009-sen0049 avg. like is -102.967 over 248 frames.
LOG (gmm-acc-stats-ali:main():gmm-acc-stats-ali.cc:105) Processed 1900 utterances; for utterance astmic-fsi009-sen0099 avg. like is -96.2113 over 278 frames.
LOG (gmm-acc-stats-ali:main():gmm-acc-stats-ali.cc:105) Processed 1950 utterances; for utterance astmic-fsi009-sen0149 avg. like is -101.285 over 348 frames.
LOG (gmm-acc-stats-ali:main():gmm-acc-stats-ali.cc:105) Processed 2000 utterances; for utterance astmic-fsi009-sen0199 avg. like is -98.0516 over 298 frames.
LOG (gmm-acc-stats-ali:main():gmm-acc-stats-ali.cc:105) Processed 2050 utterances; for utterance astmic-msi000-sen0049 avg. like is -88.0988 over 228 frames.
LOG (gmm-acc-stats-ali:main():gmm-acc-stats-ali.cc:105) Processed 2100 utterances; for utterance astmic-msi000-sen0099 avg. like is -85.6783 over 478 frames.
LOG (gmm-acc-stats-ali:main():gmm-acc-stats-ali.cc:105) Processed 2150 utterances; for utterance astmic-msi000-sen0149 avg. like is -86.4005 over 438 frames.
LOG (gmm-acc-stats-ali:main():gmm-acc-stats-ali.cc:105) Processed 2200 utterances; for utterance astmic-msi000-sen0199 avg. like is -83.7455 over 458 frames.
LOG (gmm-acc-stats-ali:main():gmm-acc-stats-ali.cc:105) Processed 2250 utterances; for utterance astmic-msi001-sen0049 avg. like is -91.4009 over 418 frames.
LOG (gmm-acc-stats-ali:main():gmm-acc-stats-ali.cc:105) Processed 2300 utterances; for utterance astmic-msi001-sen0099 avg. like is -93.143 over 378 frames.
LOG (gmm-acc-stats-ali:main():gmm-acc-stats-ali.cc:105) Processed 2350 utterances; for utterance astmic-msi001-sen0149 avg. like is -86.3359 over 358 frames.
LOG (gmm-acc-stats-ali:main():gmm-acc-stats-ali.cc:105) Processed 2400 utterances; for utterance astmic-msi001-sen0199 avg. like is -88.0772 over 538 frames.
LOG (gmm-acc-stats-ali:main():gmm-acc-stats-ali.cc:105) Processed 2450 utterances; for utterance astmic-msi002-sen0049 avg. like is -92.5166 over 448 frames.
LOG (gmm-acc-stats-ali:main():gmm-acc-stats-ali.cc:105) Processed 2500 utterances; for utterance astmic-msi002-sen0099 avg. like is -93.7653 over 258 frames.
LOG (gmm-acc-stats-ali:main():gmm-acc-stats-ali.cc:105) Processed 2550 utterances; for utterance astmic-msi002-sen0149 avg. like is -91.3858 over 248 frames.
LOG (gmm-acc-stats-ali:main():gmm-acc-stats-ali.cc:105) Processed 2600 utterances; for utterance astmic-msi002-sen0199 avg. like is -91.5847 over 388 frames.
LOG (gmm-acc-stats-ali:main():gmm-acc-stats-ali.cc:105) Processed 2650 utterances; for utterance astmic-msi003-sen0049 avg. like is -90.028 over 238 frames.
LOG (gmm-acc-stats-ali:main():gmm-acc-stats-ali.cc:105) Processed 2700 utterances; for utterance astmic-msi003-sen0099 avg. like is -85.5639 over 458 frames.
LOG (gmm-acc-stats-ali:main():gmm-acc-stats-ali.cc:105) Processed 2750 utterances; for utterance astmic-msi003-sen0149 avg. like is -83.4997 over 398 frames.
LOG (gmm-acc-stats-ali:main():gmm-acc-stats-ali.cc:105) Processed 2800 utterances; for utterance astmic-msi003-sen0199 avg. like is -87.7418 over 328 frames.
LOG (gmm-acc-stats-ali:main():gmm-acc-stats-ali.cc:105) Processed 2850 utterances; for utterance astmic-msi004-sen0049 avg. like is -94.5909 over 228 frames.
LOG (gmm-acc-stats-ali:main():gmm-acc-stats-ali.cc:105) Processed 2900 utterances; for utterance astmic-msi004-sen0099 avg. like is -93.3523 over 358 frames.
LOG (gmm-acc-stats-ali:main():gmm-acc-stats-ali.cc:105) Processed 2950 utterances; for utterance astmic-msi004-sen0149 avg. like is -95.6475 over 258 frames.
LOG (gmm-acc-stats-ali:main():gmm-acc-stats-ali.cc:105) Processed 3000 utterances; for utterance astmic-msi004-sen0199 avg. like is -89.9845 over 318 frames.
LOG (gmm-acc-stats-ali:main():gmm-acc-stats-ali.cc:105) Processed 3050 utterances; for utterance astmic-msi005-sen0049 avg. like is -84.0669 over 638 frames.
LOG (gmm-acc-stats-ali:main():gmm-acc-stats-ali.cc:105) Processed 3100 utterances; for utterance astmic-msi005-sen0099 avg. like is -83.6507 over 598 frames.
LOG (gmm-acc-stats-ali:main():gmm-acc-stats-ali.cc:105) Processed 3150 utterances; for utterance astmic-msi005-sen0149 avg. like is -83.3306 over 598 frames.
LOG (gmm-acc-stats-ali:main():gmm-acc-stats-ali.cc:105) Processed 3200 utterances; for utterance astmic-msi005-sen0199 avg. like is -85.0137 over 458 frames.
LOG (gmm-acc-stats-ali:main():gmm-acc-stats-ali.cc:105) Processed 3250 utterances; for utterance astmic-msi006-sen0049 avg. like is -96.7718 over 208 frames.
LOG (gmm-acc-stats-ali:main():gmm-acc-stats-ali.cc:105) Processed 3300 utterances; for utterance astmic-msi006-sen0099 avg. like is -95.4408 over 248 frames.
LOG (gmm-acc-stats-ali:main():gmm-acc-stats-ali.cc:105) Processed 3350 utterances; for utterance astmic-msi006-sen0149 avg. like is -96.7451 over 308 frames.
LOG (gmm-acc-stats-ali:main():gmm-acc-stats-ali.cc:105) Processed 3400 utterances; for utterance astmic-msi006-sen0199 avg. like is -96.9712 over 268 frames.
LOG (gmm-acc-stats-ali:main():gmm-acc-stats-ali.cc:105) Processed 3450 utterances; for utterance astmic-msi007-sen0049 avg. like is -96.4212 over 288 frames.
LOG (gmm-acc-stats-ali:main():gmm-acc-stats-ali.cc:105) Processed 3500 utterances; for utterance astmic-msi007-sen0099 avg. like is -98.4668 over 308 frames.
LOG (gmm-acc-stats-ali:main():gmm-acc-stats-ali.cc:105) Processed 3550 utterances; for utterance astmic-msi007-sen0149 avg. like is -96.194 over 398 frames.
LOG (gmm-acc-stats-ali:main():gmm-acc-stats-ali.cc:105) Processed 3600 utterances; for utterance astmic-msi007-sen0199 avg. like is -97.2271 over 228 frames.
LOG (gmm-acc-stats-ali:main():gmm-acc-stats-ali.cc:105) Processed 3650 utterances; for utterance astmic-msi008-sen0049 avg. like is -87.7467 over 228 frames.
LOG (gmm-acc-stats-ali:main():gmm-acc-stats-ali.cc:105) Processed 3700 utterances; for utterance astmic-msi008-sen0099 avg. like is -85.6496 over 448 frames.
LOG (gmm-acc-stats-ali:main():gmm-acc-stats-ali.cc:105) Processed 3750 utterances; for utterance astmic-msi008-sen0149 avg. like is -87.9431 over 288 frames.
LOG (gmm-acc-stats-ali:main():gmm-acc-stats-ali.cc:105) Processed 3800 utterances; for utterance astmic-msi008-sen0199 avg. like is -84.2451 over 328 frames.
LOG (gmm-acc-stats-ali:main():gmm-acc-stats-ali.cc:105) Processed 3850 utterances; for utterance astmic-msi009-sen0049 avg. like is -86.8504 over 458 frames.
LOG (gmm-acc-stats-ali:main():gmm-acc-stats-ali.cc:105) Processed 3900 utterances; for utterance astmic-msi009-sen0099 avg. like is -82.7592 over 278 frames.
LOG (gmm-acc-stats-ali:main():gmm-acc-stats-ali.cc:105) Processed 3950 utterances; for utterance astmic-msi009-sen0149 avg. like is -88.4952 over 278 frames.
LOG (gmm-acc-stats-ali:main():gmm-acc-stats-ali.cc:105) Processed 4000 utterances; for utterance astmic-msi009-sen0199 avg. like is -82.8647 over 298 frames.
LOG (gmm-acc-stats-ali:main():gmm-acc-stats-ali.cc:112) Done 4000 files, 0 with errors.
LOG (gmm-acc-stats-ali:main():gmm-acc-stats-ali.cc:115) Overall avg like per frame (Gaussian only) = -91.6939 over 1297840 frames.
LOG (gmm-acc-stats-ali:main():gmm-acc-stats-ali.cc:123) Written accs.
