gmm-acc-stats-ali --binary=false exp/tri/19.mdl ark,s,cs:feat/train.39.cmvn.ark ark,s,cs:exp/tri/train.ali exp/tri/19.acc 
LOG (gmm-acc-stats-ali:main():gmm-acc-stats-ali.cc:105) Processed 50 utterances; for utterance astmic-fsi000-sen0049 avg. like is -89.0085 over 328 frames.
LOG (gmm-acc-stats-ali:main():gmm-acc-stats-ali.cc:105) Processed 100 utterances; for utterance astmic-fsi000-sen0099 avg. like is -92.4897 over 298 frames.
LOG (gmm-acc-stats-ali:main():gmm-acc-stats-ali.cc:105) Processed 150 utterances; for utterance astmic-fsi000-sen0149 avg. like is -87.7589 over 238 frames.
LOG (gmm-acc-stats-ali:main():gmm-acc-stats-ali.cc:105) Processed 200 utterances; for utterance astmic-fsi000-sen0199 avg. like is -89.6542 over 318 frames.
LOG (gmm-acc-stats-ali:main():gmm-acc-stats-ali.cc:105) Processed 250 utterances; for utterance astmic-fsi001-sen0049 avg. like is -90.8052 over 328 frames.
LOG (gmm-acc-stats-ali:main():gmm-acc-stats-ali.cc:105) Processed 300 utterances; for utterance astmic-fsi001-sen0099 avg. like is -88.4626 over 228 frames.
LOG (gmm-acc-stats-ali:main():gmm-acc-stats-ali.cc:105) Processed 350 utterances; for utterance astmic-fsi001-sen0149 avg. like is -91.3614 over 318 frames.
LOG (gmm-acc-stats-ali:main():gmm-acc-stats-ali.cc:105) Processed 400 utterances; for utterance astmic-fsi001-sen0199 avg. like is -91.8545 over 398 frames.
LOG (gmm-acc-stats-ali:main():gmm-acc-stats-ali.cc:105) Processed 450 utterances; for utterance astmic-fsi002-sen0049 avg. like is -89.1122 over 328 frames.
LOG (gmm-acc-stats-ali:main():gmm-acc-stats-ali.cc:105) Processed 500 utterances; for utterance astmic-fsi002-sen0099 avg. like is -91.6268 over 428 frames.
LOG (gmm-acc-stats-ali:main():gmm-acc-stats-ali.cc:105) Processed 550 utterances; for utterance astmic-fsi002-sen0149 avg. like is -91.4786 over 288 frames.
LOG (gmm-acc-stats-ali:main():gmm-acc-stats-ali.cc:105) Processed 600 utterances; for utterance astmic-fsi002-sen0199 avg. like is -90.0138 over 298 frames.
LOG (gmm-acc-stats-ali:main():gmm-acc-stats-ali.cc:105) Processed 650 utterances; for utterance astmic-fsi003-sen0049 avg. like is -94.029 over 328 frames.
LOG (gmm-acc-stats-ali:main():gmm-acc-stats-ali.cc:105) Processed 700 utterances; for utterance astmic-fsi003-sen0099 avg. like is -91.755 over 208 frames.
LOG (gmm-acc-stats-ali:main():gmm-acc-stats-ali.cc:105) Processed 750 utterances; for utterance astmic-fsi003-sen0149 avg. like is -105.563 over 218 frames.
LOG (gmm-acc-stats-ali:main():gmm-acc-stats-ali.cc:105) Processed 800 utterances; for utterance astmic-fsi003-sen0199 avg. like is -94.2278 over 248 frames.
LOG (gmm-acc-stats-ali:main():gmm-acc-stats-ali.cc:105) Processed 850 utterances; for utterance astmic-fsi004-sen0049 avg. like is -89.8555 over 368 frames.
LOG (gmm-acc-stats-ali:main():gmm-acc-stats-ali.cc:105) Processed 900 utterances; for utterance astmic-fsi004-sen0099 avg. like is -91.0999 over 208 frames.
LOG (gmm-acc-stats-ali:main():gmm-acc-stats-ali.cc:105) Processed 950 utterances; for utterance astmic-fsi004-sen0149 avg. like is -91.7236 over 228 frames.
LOG (gmm-acc-stats-ali:main():gmm-acc-stats-ali.cc:105) Processed 1000 utterances; for utterance astmic-fsi004-sen0199 avg. like is -89.9602 over 268 frames.
LOG (gmm-acc-stats-ali:main():gmm-acc-stats-ali.cc:105) Processed 1050 utterances; for utterance astmic-fsi005-sen0049 avg. like is -95.032 over 388 frames.
LOG (gmm-acc-stats-ali:main():gmm-acc-stats-ali.cc:105) Processed 1100 utterances; for utterance astmic-fsi005-sen0099 avg. like is -88.3743 over 268 frames.
LOG (gmm-acc-stats-ali:main():gmm-acc-stats-ali.cc:105) Processed 1150 utterances; for utterance astmic-fsi005-sen0149 avg. like is -92.5126 over 298 frames.
LOG (gmm-acc-stats-ali:main():gmm-acc-stats-ali.cc:105) Processed 1200 utterances; for utterance astmic-fsi005-sen0199 avg. like is -89.2988 over 328 frames.
LOG (gmm-acc-stats-ali:main():gmm-acc-stats-ali.cc:105) Processed 1250 utterances; for utterance astmic-fsi006-sen0049 avg. like is -92.6645 over 298 frames.
LOG (gmm-acc-stats-ali:main():gmm-acc-stats-ali.cc:105) Processed 1300 utterances; for utterance astmic-fsi006-sen0099 avg. like is -94.314 over 168 frames.
LOG (gmm-acc-stats-ali:main():gmm-acc-stats-ali.cc:105) Processed 1350 utterances; for utterance astmic-fsi006-sen0149 avg. like is -93.5767 over 238 frames.
LOG (gmm-acc-stats-ali:main():gmm-acc-stats-ali.cc:105) Processed 1400 utterances; for utterance astmic-fsi006-sen0199 avg. like is -92.3611 over 238 frames.
LOG (gmm-acc-stats-ali:main():gmm-acc-stats-ali.cc:105) Processed 1450 utterances; for utterance astmic-fsi007-sen0049 avg. like is -98.1489 over 198 frames.
LOG (gmm-acc-stats-ali:main():gmm-acc-stats-ali.cc:105) Processed 1500 utterances; for utterance astmic-fsi007-sen0099 avg. like is -100.878 over 248 frames.
LOG (gmm-acc-stats-ali:main():gmm-acc-stats-ali.cc:105) Processed 1550 utterances; for utterance astmic-fsi007-sen0149 avg. like is -99.9629 over 298 frames.
LOG (gmm-acc-stats-ali:main():gmm-acc-stats-ali.cc:105) Processed 1600 utterances; for utterance astmic-fsi007-sen0199 avg. like is -88.6627 over 198 frames.
LOG (gmm-acc-stats-ali:main():gmm-acc-stats-ali.cc:105) Processed 1650 utterances; for utterance astmic-fsi008-sen0049 avg. like is -91.7343 over 298 frames.
LOG (gmm-acc-stats-ali:main():gmm-acc-stats-ali.cc:105) Processed 1700 utterances; for utterance astmic-fsi008-sen0099 avg. like is -96.0299 over 368 frames.
LOG (gmm-acc-stats-ali:main():gmm-acc-stats-ali.cc:105) Processed 1750 utterances; for utterance astmic-fsi008-sen0149 avg. like is -94.983 over 418 frames.
LOG (gmm-acc-stats-ali:main():gmm-acc-stats-ali.cc:105) Processed 1800 utterances; for utterance astmic-fsi008-sen0199 avg. like is -92.5861 over 218 frames.
LOG (gmm-acc-stats-ali:main():gmm-acc-stats-ali.cc:105) Processed 1850 utterances; for utterance astmic-fsi009-sen0049 avg. like is -100.866 over 248 frames.
LOG (gmm-acc-stats-ali:main():gmm-acc-stats-ali.cc:105) Processed 1900 utterances; for utterance astmic-fsi009-sen0099 avg. like is -94.4167 over 278 frames.
LOG (gmm-acc-stats-ali:main():gmm-acc-stats-ali.cc:105) Processed 1950 utterances; for utterance astmic-fsi009-sen0149 avg. like is -97.9514 over 348 frames.
LOG (gmm-acc-stats-ali:main():gmm-acc-stats-ali.cc:105) Processed 2000 utterances; for utterance astmic-fsi009-sen0199 avg. like is -95.4778 over 298 frames.
LOG (gmm-acc-stats-ali:main():gmm-acc-stats-ali.cc:105) Processed 2050 utterances; for utterance astmic-msi000-sen0049 avg. like is -85.4708 over 228 frames.
LOG (gmm-acc-stats-ali:main():gmm-acc-stats-ali.cc:105) Processed 2100 utterances; for utterance astmic-msi000-sen0099 avg. like is -83.0624 over 478 frames.
LOG (gmm-acc-stats-ali:main():gmm-acc-stats-ali.cc:105) Processed 2150 utterances; for utterance astmic-msi000-sen0149 avg. like is -83.9206 over 438 frames.
LOG (gmm-acc-stats-ali:main():gmm-acc-stats-ali.cc:105) Processed 2200 utterances; for utterance astmic-msi000-sen0199 avg. like is -81.1199 over 458 frames.
LOG (gmm-acc-stats-ali:main():gmm-acc-stats-ali.cc:105) Processed 2250 utterances; for utterance astmic-msi001-sen0049 avg. like is -88.6178 over 418 frames.
LOG (gmm-acc-stats-ali:main():gmm-acc-stats-ali.cc:105) Processed 2300 utterances; for utterance astmic-msi001-sen0099 avg. like is -90.0961 over 378 frames.
LOG (gmm-acc-stats-ali:main():gmm-acc-stats-ali.cc:105) Processed 2350 utterances; for utterance astmic-msi001-sen0149 avg. like is -83.8401 over 358 frames.
LOG (gmm-acc-stats-ali:main():gmm-acc-stats-ali.cc:105) Processed 2400 utterances; for utterance astmic-msi001-sen0199 avg. like is -85.7281 over 538 frames.
LOG (gmm-acc-stats-ali:main():gmm-acc-stats-ali.cc:105) Processed 2450 utterances; for utterance astmic-msi002-sen0049 avg. like is -89.9098 over 448 frames.
LOG (gmm-acc-stats-ali:main():gmm-acc-stats-ali.cc:105) Processed 2500 utterances; for utterance astmic-msi002-sen0099 avg. like is -91.0437 over 258 frames.
LOG (gmm-acc-stats-ali:main():gmm-acc-stats-ali.cc:105) Processed 2550 utterances; for utterance astmic-msi002-sen0149 avg. like is -88.9081 over 248 frames.
LOG (gmm-acc-stats-ali:main():gmm-acc-stats-ali.cc:105) Processed 2600 utterances; for utterance astmic-msi002-sen0199 avg. like is -88.5303 over 388 frames.
LOG (gmm-acc-stats-ali:main():gmm-acc-stats-ali.cc:105) Processed 2650 utterances; for utterance astmic-msi003-sen0049 avg. like is -87.9173 over 238 frames.
LOG (gmm-acc-stats-ali:main():gmm-acc-stats-ali.cc:105) Processed 2700 utterances; for utterance astmic-msi003-sen0099 avg. like is -83.3851 over 458 frames.
LOG (gmm-acc-stats-ali:main():gmm-acc-stats-ali.cc:105) Processed 2750 utterances; for utterance astmic-msi003-sen0149 avg. like is -82.5066 over 398 frames.
LOG (gmm-acc-stats-ali:main():gmm-acc-stats-ali.cc:105) Processed 2800 utterances; for utterance astmic-msi003-sen0199 avg. like is -86.255 over 328 frames.
LOG (gmm-acc-stats-ali:main():gmm-acc-stats-ali.cc:105) Processed 2850 utterances; for utterance astmic-msi004-sen0049 avg. like is -92.5416 over 228 frames.
LOG (gmm-acc-stats-ali:main():gmm-acc-stats-ali.cc:105) Processed 2900 utterances; for utterance astmic-msi004-sen0099 avg. like is -90.802 over 358 frames.
LOG (gmm-acc-stats-ali:main():gmm-acc-stats-ali.cc:105) Processed 2950 utterances; for utterance astmic-msi004-sen0149 avg. like is -92.5788 over 258 frames.
LOG (gmm-acc-stats-ali:main():gmm-acc-stats-ali.cc:105) Processed 3000 utterances; for utterance astmic-msi004-sen0199 avg. like is -88.1038 over 318 frames.
LOG (gmm-acc-stats-ali:main():gmm-acc-stats-ali.cc:105) Processed 3050 utterances; for utterance astmic-msi005-sen0049 avg. like is -81.9421 over 638 frames.
LOG (gmm-acc-stats-ali:main():gmm-acc-stats-ali.cc:105) Processed 3100 utterances; for utterance astmic-msi005-sen0099 avg. like is -81.7116 over 598 frames.
LOG (gmm-acc-stats-ali:main():gmm-acc-stats-ali.cc:105) Processed 3150 utterances; for utterance astmic-msi005-sen0149 avg. like is -81.4447 over 598 frames.
LOG (gmm-acc-stats-ali:main():gmm-acc-stats-ali.cc:105) Processed 3200 utterances; for utterance astmic-msi005-sen0199 avg. like is -83.2274 over 458 frames.
LOG (gmm-acc-stats-ali:main():gmm-acc-stats-ali.cc:105) Processed 3250 utterances; for utterance astmic-msi006-sen0049 avg. like is -93.8211 over 208 frames.
LOG (gmm-acc-stats-ali:main():gmm-acc-stats-ali.cc:105) Processed 3300 utterances; for utterance astmic-msi006-sen0099 avg. like is -94.2313 over 248 frames.
LOG (gmm-acc-stats-ali:main():gmm-acc-stats-ali.cc:105) Processed 3350 utterances; for utterance astmic-msi006-sen0149 avg. like is -95.5843 over 308 frames.
LOG (gmm-acc-stats-ali:main():gmm-acc-stats-ali.cc:105) Processed 3400 utterances; for utterance astmic-msi006-sen0199 avg. like is -94.8699 over 268 frames.
LOG (gmm-acc-stats-ali:main():gmm-acc-stats-ali.cc:105) Processed 3450 utterances; for utterance astmic-msi007-sen0049 avg. like is -95.0176 over 288 frames.
LOG (gmm-acc-stats-ali:main():gmm-acc-stats-ali.cc:105) Processed 3500 utterances; for utterance astmic-msi007-sen0099 avg. like is -97.0201 over 308 frames.
LOG (gmm-acc-stats-ali:main():gmm-acc-stats-ali.cc:105) Processed 3550 utterances; for utterance astmic-msi007-sen0149 avg. like is -93.7887 over 398 frames.
LOG (gmm-acc-stats-ali:main():gmm-acc-stats-ali.cc:105) Processed 3600 utterances; for utterance astmic-msi007-sen0199 avg. like is -93.9978 over 228 frames.
LOG (gmm-acc-stats-ali:main():gmm-acc-stats-ali.cc:105) Processed 3650 utterances; for utterance astmic-msi008-sen0049 avg. like is -85.9048 over 228 frames.
LOG (gmm-acc-stats-ali:main():gmm-acc-stats-ali.cc:105) Processed 3700 utterances; for utterance astmic-msi008-sen0099 avg. like is -84.0736 over 448 frames.
LOG (gmm-acc-stats-ali:main():gmm-acc-stats-ali.cc:105) Processed 3750 utterances; for utterance astmic-msi008-sen0149 avg. like is -86.6751 over 288 frames.
LOG (gmm-acc-stats-ali:main():gmm-acc-stats-ali.cc:105) Processed 3800 utterances; for utterance astmic-msi008-sen0199 avg. like is -82.7741 over 328 frames.
LOG (gmm-acc-stats-ali:main():gmm-acc-stats-ali.cc:105) Processed 3850 utterances; for utterance astmic-msi009-sen0049 avg. like is -84.4804 over 458 frames.
LOG (gmm-acc-stats-ali:main():gmm-acc-stats-ali.cc:105) Processed 3900 utterances; for utterance astmic-msi009-sen0099 avg. like is -80.9048 over 278 frames.
LOG (gmm-acc-stats-ali:main():gmm-acc-stats-ali.cc:105) Processed 3950 utterances; for utterance astmic-msi009-sen0149 avg. like is -85.7291 over 278 frames.
LOG (gmm-acc-stats-ali:main():gmm-acc-stats-ali.cc:105) Processed 4000 utterances; for utterance astmic-msi009-sen0199 avg. like is -81.3954 over 298 frames.
LOG (gmm-acc-stats-ali:main():gmm-acc-stats-ali.cc:112) Done 4000 files, 0 with errors.
LOG (gmm-acc-stats-ali:main():gmm-acc-stats-ali.cc:115) Overall avg like per frame (Gaussian only) = -89.562 over 1297840 frames.
LOG (gmm-acc-stats-ali:main():gmm-acc-stats-ali.cc:123) Written accs.
