gmm-acc-stats-ali --binary=false exp/tri/25.mdl ark,s,cs:feat/train.39.cmvn.ark ark,s,cs:exp/tri/train.ali exp/tri/25.acc 
LOG (gmm-acc-stats-ali:main():gmm-acc-stats-ali.cc:105) Processed 50 utterances; for utterance astmic-fsi000-sen0049 avg. like is -88.2238 over 328 frames.
LOG (gmm-acc-stats-ali:main():gmm-acc-stats-ali.cc:105) Processed 100 utterances; for utterance astmic-fsi000-sen0099 avg. like is -91.4792 over 298 frames.
LOG (gmm-acc-stats-ali:main():gmm-acc-stats-ali.cc:105) Processed 150 utterances; for utterance astmic-fsi000-sen0149 avg. like is -87.2685 over 238 frames.
LOG (gmm-acc-stats-ali:main():gmm-acc-stats-ali.cc:105) Processed 200 utterances; for utterance astmic-fsi000-sen0199 avg. like is -88.978 over 318 frames.
LOG (gmm-acc-stats-ali:main():gmm-acc-stats-ali.cc:105) Processed 250 utterances; for utterance astmic-fsi001-sen0049 avg. like is -89.9096 over 328 frames.
LOG (gmm-acc-stats-ali:main():gmm-acc-stats-ali.cc:105) Processed 300 utterances; for utterance astmic-fsi001-sen0099 avg. like is -87.9353 over 228 frames.
LOG (gmm-acc-stats-ali:main():gmm-acc-stats-ali.cc:105) Processed 350 utterances; for utterance astmic-fsi001-sen0149 avg. like is -90.8927 over 318 frames.
LOG (gmm-acc-stats-ali:main():gmm-acc-stats-ali.cc:105) Processed 400 utterances; for utterance astmic-fsi001-sen0199 avg. like is -91.3975 over 398 frames.
LOG (gmm-acc-stats-ali:main():gmm-acc-stats-ali.cc:105) Processed 450 utterances; for utterance astmic-fsi002-sen0049 avg. like is -88.7882 over 328 frames.
LOG (gmm-acc-stats-ali:main():gmm-acc-stats-ali.cc:105) Processed 500 utterances; for utterance astmic-fsi002-sen0099 avg. like is -91.3358 over 428 frames.
LOG (gmm-acc-stats-ali:main():gmm-acc-stats-ali.cc:105) Processed 550 utterances; for utterance astmic-fsi002-sen0149 avg. like is -90.7152 over 288 frames.
LOG (gmm-acc-stats-ali:main():gmm-acc-stats-ali.cc:105) Processed 600 utterances; for utterance astmic-fsi002-sen0199 avg. like is -89.7527 over 298 frames.
LOG (gmm-acc-stats-ali:main():gmm-acc-stats-ali.cc:105) Processed 650 utterances; for utterance astmic-fsi003-sen0049 avg. like is -93.4977 over 328 frames.
LOG (gmm-acc-stats-ali:main():gmm-acc-stats-ali.cc:105) Processed 700 utterances; for utterance astmic-fsi003-sen0099 avg. like is -91.1169 over 208 frames.
LOG (gmm-acc-stats-ali:main():gmm-acc-stats-ali.cc:105) Processed 750 utterances; for utterance astmic-fsi003-sen0149 avg. like is -104.829 over 218 frames.
LOG (gmm-acc-stats-ali:main():gmm-acc-stats-ali.cc:105) Processed 800 utterances; for utterance astmic-fsi003-sen0199 avg. like is -92.9355 over 248 frames.
LOG (gmm-acc-stats-ali:main():gmm-acc-stats-ali.cc:105) Processed 850 utterances; for utterance astmic-fsi004-sen0049 avg. like is -89.3314 over 368 frames.
LOG (gmm-acc-stats-ali:main():gmm-acc-stats-ali.cc:105) Processed 900 utterances; for utterance astmic-fsi004-sen0099 avg. like is -90.4588 over 208 frames.
LOG (gmm-acc-stats-ali:main():gmm-acc-stats-ali.cc:105) Processed 950 utterances; for utterance astmic-fsi004-sen0149 avg. like is -91.0967 over 228 frames.
LOG (gmm-acc-stats-ali:main():gmm-acc-stats-ali.cc:105) Processed 1000 utterances; for utterance astmic-fsi004-sen0199 avg. like is -89.662 over 268 frames.
LOG (gmm-acc-stats-ali:main():gmm-acc-stats-ali.cc:105) Processed 1050 utterances; for utterance astmic-fsi005-sen0049 avg. like is -94.0372 over 388 frames.
LOG (gmm-acc-stats-ali:main():gmm-acc-stats-ali.cc:105) Processed 1100 utterances; for utterance astmic-fsi005-sen0099 avg. like is -88.0191 over 268 frames.
LOG (gmm-acc-stats-ali:main():gmm-acc-stats-ali.cc:105) Processed 1150 utterances; for utterance astmic-fsi005-sen0149 avg. like is -91.8534 over 298 frames.
LOG (gmm-acc-stats-ali:main():gmm-acc-stats-ali.cc:105) Processed 1200 utterances; for utterance astmic-fsi005-sen0199 avg. like is -88.7369 over 328 frames.
LOG (gmm-acc-stats-ali:main():gmm-acc-stats-ali.cc:105) Processed 1250 utterances; for utterance astmic-fsi006-sen0049 avg. like is -92.0557 over 298 frames.
LOG (gmm-acc-stats-ali:main():gmm-acc-stats-ali.cc:105) Processed 1300 utterances; for utterance astmic-fsi006-sen0099 avg. like is -94.1735 over 168 frames.
LOG (gmm-acc-stats-ali:main():gmm-acc-stats-ali.cc:105) Processed 1350 utterances; for utterance astmic-fsi006-sen0149 avg. like is -93.0298 over 238 frames.
LOG (gmm-acc-stats-ali:main():gmm-acc-stats-ali.cc:105) Processed 1400 utterances; for utterance astmic-fsi006-sen0199 avg. like is -91.7631 over 238 frames.
LOG (gmm-acc-stats-ali:main():gmm-acc-stats-ali.cc:105) Processed 1450 utterances; for utterance astmic-fsi007-sen0049 avg. like is -97.3449 over 198 frames.
LOG (gmm-acc-stats-ali:main():gmm-acc-stats-ali.cc:105) Processed 1500 utterances; for utterance astmic-fsi007-sen0099 avg. like is -100.313 over 248 frames.
LOG (gmm-acc-stats-ali:main():gmm-acc-stats-ali.cc:105) Processed 1550 utterances; for utterance astmic-fsi007-sen0149 avg. like is -99.291 over 298 frames.
LOG (gmm-acc-stats-ali:main():gmm-acc-stats-ali.cc:105) Processed 1600 utterances; for utterance astmic-fsi007-sen0199 avg. like is -88.0463 over 198 frames.
LOG (gmm-acc-stats-ali:main():gmm-acc-stats-ali.cc:105) Processed 1650 utterances; for utterance astmic-fsi008-sen0049 avg. like is -91.0896 over 298 frames.
LOG (gmm-acc-stats-ali:main():gmm-acc-stats-ali.cc:105) Processed 1700 utterances; for utterance astmic-fsi008-sen0099 avg. like is -95.0664 over 368 frames.
LOG (gmm-acc-stats-ali:main():gmm-acc-stats-ali.cc:105) Processed 1750 utterances; for utterance astmic-fsi008-sen0149 avg. like is -94.0068 over 418 frames.
LOG (gmm-acc-stats-ali:main():gmm-acc-stats-ali.cc:105) Processed 1800 utterances; for utterance astmic-fsi008-sen0199 avg. like is -91.594 over 218 frames.
LOG (gmm-acc-stats-ali:main():gmm-acc-stats-ali.cc:105) Processed 1850 utterances; for utterance astmic-fsi009-sen0049 avg. like is -100 over 248 frames.
LOG (gmm-acc-stats-ali:main():gmm-acc-stats-ali.cc:105) Processed 1900 utterances; for utterance astmic-fsi009-sen0099 avg. like is -93.662 over 278 frames.
LOG (gmm-acc-stats-ali:main():gmm-acc-stats-ali.cc:105) Processed 1950 utterances; for utterance astmic-fsi009-sen0149 avg. like is -97.5465 over 348 frames.
LOG (gmm-acc-stats-ali:main():gmm-acc-stats-ali.cc:105) Processed 2000 utterances; for utterance astmic-fsi009-sen0199 avg. like is -94.7517 over 298 frames.
LOG (gmm-acc-stats-ali:main():gmm-acc-stats-ali.cc:105) Processed 2050 utterances; for utterance astmic-msi000-sen0049 avg. like is -84.6771 over 228 frames.
LOG (gmm-acc-stats-ali:main():gmm-acc-stats-ali.cc:105) Processed 2100 utterances; for utterance astmic-msi000-sen0099 avg. like is -81.9972 over 478 frames.
LOG (gmm-acc-stats-ali:main():gmm-acc-stats-ali.cc:105) Processed 2150 utterances; for utterance astmic-msi000-sen0149 avg. like is -83.1457 over 438 frames.
LOG (gmm-acc-stats-ali:main():gmm-acc-stats-ali.cc:105) Processed 2200 utterances; for utterance astmic-msi000-sen0199 avg. like is -80.3558 over 458 frames.
LOG (gmm-acc-stats-ali:main():gmm-acc-stats-ali.cc:105) Processed 2250 utterances; for utterance astmic-msi001-sen0049 avg. like is -87.9472 over 418 frames.
LOG (gmm-acc-stats-ali:main():gmm-acc-stats-ali.cc:105) Processed 2300 utterances; for utterance astmic-msi001-sen0099 avg. like is -89.4088 over 378 frames.
LOG (gmm-acc-stats-ali:main():gmm-acc-stats-ali.cc:105) Processed 2350 utterances; for utterance astmic-msi001-sen0149 avg. like is -83.0198 over 358 frames.
LOG (gmm-acc-stats-ali:main():gmm-acc-stats-ali.cc:105) Processed 2400 utterances; for utterance astmic-msi001-sen0199 avg. like is -85.0528 over 538 frames.
LOG (gmm-acc-stats-ali:main():gmm-acc-stats-ali.cc:105) Processed 2450 utterances; for utterance astmic-msi002-sen0049 avg. like is -89.3202 over 448 frames.
LOG (gmm-acc-stats-ali:main():gmm-acc-stats-ali.cc:105) Processed 2500 utterances; for utterance astmic-msi002-sen0099 avg. like is -90.6201 over 258 frames.
LOG (gmm-acc-stats-ali:main():gmm-acc-stats-ali.cc:105) Processed 2550 utterances; for utterance astmic-msi002-sen0149 avg. like is -88.5118 over 248 frames.
LOG (gmm-acc-stats-ali:main():gmm-acc-stats-ali.cc:105) Processed 2600 utterances; for utterance astmic-msi002-sen0199 avg. like is -88.0159 over 388 frames.
LOG (gmm-acc-stats-ali:main():gmm-acc-stats-ali.cc:105) Processed 2650 utterances; for utterance astmic-msi003-sen0049 avg. like is -86.9932 over 238 frames.
LOG (gmm-acc-stats-ali:main():gmm-acc-stats-ali.cc:105) Processed 2700 utterances; for utterance astmic-msi003-sen0099 avg. like is -82.4282 over 458 frames.
LOG (gmm-acc-stats-ali:main():gmm-acc-stats-ali.cc:105) Processed 2750 utterances; for utterance astmic-msi003-sen0149 avg. like is -81.8233 over 398 frames.
LOG (gmm-acc-stats-ali:main():gmm-acc-stats-ali.cc:105) Processed 2800 utterances; for utterance astmic-msi003-sen0199 avg. like is -85.4913 over 328 frames.
LOG (gmm-acc-stats-ali:main():gmm-acc-stats-ali.cc:105) Processed 2850 utterances; for utterance astmic-msi004-sen0049 avg. like is -91.7744 over 228 frames.
LOG (gmm-acc-stats-ali:main():gmm-acc-stats-ali.cc:105) Processed 2900 utterances; for utterance astmic-msi004-sen0099 avg. like is -90.017 over 358 frames.
LOG (gmm-acc-stats-ali:main():gmm-acc-stats-ali.cc:105) Processed 2950 utterances; for utterance astmic-msi004-sen0149 avg. like is -91.9596 over 258 frames.
LOG (gmm-acc-stats-ali:main():gmm-acc-stats-ali.cc:105) Processed 3000 utterances; for utterance astmic-msi004-sen0199 avg. like is -87.5688 over 318 frames.
LOG (gmm-acc-stats-ali:main():gmm-acc-stats-ali.cc:105) Processed 3050 utterances; for utterance astmic-msi005-sen0049 avg. like is -81.2802 over 638 frames.
LOG (gmm-acc-stats-ali:main():gmm-acc-stats-ali.cc:105) Processed 3100 utterances; for utterance astmic-msi005-sen0099 avg. like is -80.8801 over 598 frames.
LOG (gmm-acc-stats-ali:main():gmm-acc-stats-ali.cc:105) Processed 3150 utterances; for utterance astmic-msi005-sen0149 avg. like is -80.5985 over 598 frames.
LOG (gmm-acc-stats-ali:main():gmm-acc-stats-ali.cc:105) Processed 3200 utterances; for utterance astmic-msi005-sen0199 avg. like is -82.3506 over 458 frames.
LOG (gmm-acc-stats-ali:main():gmm-acc-stats-ali.cc:105) Processed 3250 utterances; for utterance astmic-msi006-sen0049 avg. like is -93.5212 over 208 frames.
LOG (gmm-acc-stats-ali:main():gmm-acc-stats-ali.cc:105) Processed 3300 utterances; for utterance astmic-msi006-sen0099 avg. like is -93.5063 over 248 frames.
LOG (gmm-acc-stats-ali:main():gmm-acc-stats-ali.cc:105) Processed 3350 utterances; for utterance astmic-msi006-sen0149 avg. like is -94.7882 over 308 frames.
LOG (gmm-acc-stats-ali:main():gmm-acc-stats-ali.cc:105) Processed 3400 utterances; for utterance astmic-msi006-sen0199 avg. like is -94.3053 over 268 frames.
LOG (gmm-acc-stats-ali:main():gmm-acc-stats-ali.cc:105) Processed 3450 utterances; for utterance astmic-msi007-sen0049 avg. like is -94.4014 over 288 frames.
LOG (gmm-acc-stats-ali:main():gmm-acc-stats-ali.cc:105) Processed 3500 utterances; for utterance astmic-msi007-sen0099 avg. like is -96.5087 over 308 frames.
LOG (gmm-acc-stats-ali:main():gmm-acc-stats-ali.cc:105) Processed 3550 utterances; for utterance astmic-msi007-sen0149 avg. like is -93.0845 over 398 frames.
LOG (gmm-acc-stats-ali:main():gmm-acc-stats-ali.cc:105) Processed 3600 utterances; for utterance astmic-msi007-sen0199 avg. like is -93.6403 over 228 frames.
LOG (gmm-acc-stats-ali:main():gmm-acc-stats-ali.cc:105) Processed 3650 utterances; for utterance astmic-msi008-sen0049 avg. like is -85.4196 over 228 frames.
LOG (gmm-acc-stats-ali:main():gmm-acc-stats-ali.cc:105) Processed 3700 utterances; for utterance astmic-msi008-sen0099 avg. like is -83.5017 over 448 frames.
LOG (gmm-acc-stats-ali:main():gmm-acc-stats-ali.cc:105) Processed 3750 utterances; for utterance astmic-msi008-sen0149 avg. like is -86.1227 over 288 frames.
LOG (gmm-acc-stats-ali:main():gmm-acc-stats-ali.cc:105) Processed 3800 utterances; for utterance astmic-msi008-sen0199 avg. like is -81.9759 over 328 frames.
LOG (gmm-acc-stats-ali:main():gmm-acc-stats-ali.cc:105) Processed 3850 utterances; for utterance astmic-msi009-sen0049 avg. like is -83.7063 over 458 frames.
LOG (gmm-acc-stats-ali:main():gmm-acc-stats-ali.cc:105) Processed 3900 utterances; for utterance astmic-msi009-sen0099 avg. like is -80.3422 over 278 frames.
LOG (gmm-acc-stats-ali:main():gmm-acc-stats-ali.cc:105) Processed 3950 utterances; for utterance astmic-msi009-sen0149 avg. like is -85.1753 over 278 frames.
LOG (gmm-acc-stats-ali:main():gmm-acc-stats-ali.cc:105) Processed 4000 utterances; for utterance astmic-msi009-sen0199 avg. like is -80.7055 over 298 frames.
LOG (gmm-acc-stats-ali:main():gmm-acc-stats-ali.cc:112) Done 4000 files, 0 with errors.
LOG (gmm-acc-stats-ali:main():gmm-acc-stats-ali.cc:115) Overall avg like per frame (Gaussian only) = -88.8832 over 1297840 frames.
LOG (gmm-acc-stats-ali:main():gmm-acc-stats-ali.cc:123) Written accs.
